# JRE version: Java(TM) SE Runtime Environment (8.0_181-b13) (build 1.8.0_181-b13)
# Java VM: Java HotSpot(TM) 64-Bit Server VM (25.181-b13 mixed mode linux-amd64 compressed oops)
Heap:
 def new generation   total 61120K, used 1698K [0x00000000c0000000, 0x00000000c4250000, 0x00000000d5550000)
  eden space 54336K,   3% used [0x00000000c0000000, 0x00000000c01a8ad8, 0x00000000c3510000)
  from space 6784K,   0% used [0x00000000c3510000, 0x00000000c3510000, 0x00000000c3bb0000)
  to   space 6784K,   0% used [0x00000000c3bb0000, 0x00000000c3bb0000, 0x00000000c4250000)
 tenured generation   total 176936K, used 176935K [0x00000000d5550000, 0x00000000e021a000, 0x0000000100000000)
   the space 176936K,  99% used [0x00000000d5550000, 0x00000000e0219ff8, 0x00000000e021a000, 0x00000000e021a000)
 Metaspace       used 69993K, capacity 70636K, committed 70832K, reserved 1110016K
  class space    used 10461K, capacity 10622K, committed 10672K, reserved 1048576K
GC Heap History (10 events):
Event: 310.782 GC heap after
Heap after GC invocations=4232 (full 6):
 def new generation   total 37632K, used 281K [0x00000000c0000000, 0x00000000c28d0000, 0x00000000d5550000)
  eden space 33472K,   0% used [0x00000000c0000000, 0x00000000c0000000, 0x00000000c20b0000)
  from space 4160K,   6% used [0x00000000c20b0000, 0x00000000c20f66c8, 0x00000000c24c0000)
  to   space 4160K,   0% used [0x00000000c24c0000, 0x00000000c24c0000, 0x00000000c28d0000)
 tenured generation   total 83528K, used 66499K [0x00000000d5550000, 0x00000000da6e2000, 0x0000000100000000)
   the space 83528K,  79% used [0x00000000d5550000, 0x00000000d9640e20, 0x00000000d9641000, 0x00000000da6e2000)
 Metaspace       used 69837K, capacity 70452K, committed 70832K, reserved 1110016K
  class space    used 10441K, capacity 10582K, committed 10672K, reserved 1048576K
}
Event: 310.839 GC heap before
{Heap before GC invocations=4232 (full 6):
 def new generation   total 37632K, used 33753K [0x00000000c0000000, 0x00000000c28d0000, 0x00000000d5550000)
  eden space 33472K, 100% used [0x00000000c0000000, 0x00000000c20b0000, 0x00000000c20b0000)
  from space 4160K,   6% used [0x00000000c20b0000, 0x00000000c20f66c8, 0x00000000c24c0000)
  to   space 4160K,   0% used [0x00000000c24c0000, 0x00000000c24c0000, 0x00000000c28d0000)
 tenured generation   total 83528K, used 66499K [0x00000000d5550000, 0x00000000da6e2000, 0x0000000100000000)
   the space 83528K,  79% used [0x00000000d5550000, 0x00000000d9640e20, 0x00000000d9641000, 0x00000000da6e2000)
 Metaspace       used 69891K, capacity 70540K, committed 70832K, reserved 1110016K
  class space    used 10451K, capacity 10590K, committed 10672K, reserved 1048576K
Event: 310.842 GC heap after
Heap after GC invocations=4233 (full 6):
 def new generation   total 37632K, used 375K [0x00000000c0000000, 0x00000000c28d0000, 0x00000000d5550000)
  eden space 33472K,   0% used [0x00000000c0000000, 0x00000000c0000000, 0x00000000c20b0000)
  from space 4160K,   9% used [0x00000000c24c0000, 0x00000000c251dd58, 0x00000000c28d0000)
  to   space 4160K,   0% used [0x00000000c20b0000, 0x00000000c20b0000, 0x00000000c24c0000)
 tenured generation   total 83528K, used 66499K [0x00000000d5550000, 0x00000000da6e2000, 0x0000000100000000)
   the space 83528K,  79% used [0x00000000d5550000, 0x00000000d9640e20, 0x00000000d9641000, 0x00000000da6e2000)
 Metaspace       used 69891K, capacity 70540K, committed 70832K, reserved 1110016K
  class space    used 10451K, capacity 10590K, committed 10672K, reserved 1048576K
}
Event: 310.886 GC heap before
{Heap before GC invocations=4233 (full 6):
 def new generation   total 37632K, used 33372K [0x00000000c0000000, 0x00000000c28d0000, 0x00000000d5550000)
  eden space 33472K,  98% used [0x00000000c0000000, 0x00000000c20392c0, 0x00000000c20b0000)
  from space 4160K,   9% used [0x00000000c24c0000, 0x00000000c251dd58, 0x00000000c28d0000)
  to   space 4160K,   0% used [0x00000000c20b0000, 0x00000000c20b0000, 0x00000000c24c0000)
 tenured generation   total 83528K, used 66499K [0x00000000d5550000, 0x00000000da6e2000, 0x0000000100000000)
   the space 83528K,  79% used [0x00000000d5550000, 0x00000000d9640e20, 0x00000000d9641000, 0x00000000da6e2000)
 Metaspace       used 69952K, capacity 70604K, committed 70832K, reserved 1110016K
  class space    used 10455K, capacity 10590K, committed 10672K, reserved 1048576K
Event: 310.896 GC heap after
Heap after GC invocations=4234 (full 6):
 def new generation   total 37632K, used 3304K [0x00000000c0000000, 0x00000000c28d0000, 0x00000000d5550000)
  eden space 33472K,   0% used [0x00000000c0000000, 0x00000000c0000000, 0x00000000c20b0000)
  from space 4160K,  79% used [0x00000000c20b0000, 0x00000000c23ea298, 0x00000000c24c0000)
  to   space 4160K,   0% used [0x00000000c24c0000, 0x00000000c24c0000, 0x00000000c28d0000)
 tenured generation   total 83528K, used 73066K [0x00000000d5550000, 0x00000000da6e2000, 0x0000000100000000)
   the space 83528K,  87% used [0x00000000d5550000, 0x00000000d9caa950, 0x00000000d9caaa00, 0x00000000da6e2000)
 Metaspace       used 69952K, capacity 70604K, committed 70832K, reserved 1110016K
  class space    used 10455K, capacity 10590K, committed 10672K, reserved 1048576K
}
Event: 311.133 GC heap before
{Heap before GC invocations=4234 (full 6):
 def new generation   total 37632K, used 36776K [0x00000000c0000000, 0x00000000c28d0000, 0x00000000d5550000)
  eden space 33472K, 100% used [0x00000000c0000000, 0x00000000c20b0000, 0x00000000c20b0000)
  from space 4160K,  79% used [0x00000000c20b0000, 0x00000000c23ea298, 0x00000000c24c0000)
  to   space 4160K,   0% used [0x00000000c24c0000, 0x00000000c24c0000, 0x00000000c28d0000)
 tenured generation   total 83528K, used 73066K [0x00000000d5550000, 0x00000000da6e2000, 0x0000000100000000)
   the space 83528K,  87% used [0x00000000d5550000, 0x00000000d9caa950, 0x00000000d9caaa00, 0x00000000da6e2000)
 Metaspace       used 69992K, capacity 70636K, committed 70832K, reserved 1110016K
  class space    used 10461K, capacity 10622K, committed 10672K, reserved 1048576K
Event: 311.344 GC heap after
Heap after GC invocations=4235 (full 7):
 def new generation   total 61120K, used 0K [0x00000000c0000000, 0x00000000c4250000, 0x00000000d5550000)
  eden space 54336K,   0% used [0x00000000c0000000, 0x00000000c0000000, 0x00000000c3510000)
  from space 6784K,   0% used [0x00000000c3510000, 0x00000000c3510000, 0x00000000c3bb0000)
  to   space 6784K,   0% used [0x00000000c3bb0000, 0x00000000c3bb0000, 0x00000000c4250000)
 tenured generation   total 135716K, used 81429K [0x00000000d5550000, 0x00000000dd9d9000, 0x0000000100000000)
   the space 135716K,  59% used [0x00000000d5550000, 0x00000000da4d5518, 0x00000000da4d5600, 0x00000000dd9d9000)
 Metaspace       used 69992K, capacity 70636K, committed 70832K, reserved 1110016K
  class space    used 10461K, capacity 10622K, committed 10672K, reserved 1048576K
}
Event: 311.413 GC heap before
{Heap before GC invocations=4235 (full 7):
 def new generation   total 61120K, used 54336K [0x00000000c0000000, 0x00000000c4250000, 0x00000000d5550000)
  eden space 54336K, 100% used [0x00000000c0000000, 0x00000000c3510000, 0x00000000c3510000)
  from space 6784K,   0% used [0x00000000c3510000, 0x00000000c3510000, 0x00000000c3bb0000)
  to   space 6784K,   0% used [0x00000000c3bb0000, 0x00000000c3bb0000, 0x00000000c4250000)
 tenured generation   total 135716K, used 81429K [0x00000000d5550000, 0x00000000dd9d9000, 0x0000000100000000)
   the space 135716K,  59% used [0x00000000d5550000, 0x00000000da4d5518, 0x00000000da4d5600, 0x00000000dd9d9000)
 Metaspace       used 69993K, capacity 70636K, committed 70832K, reserved 1110016K
  class space    used 10461K, capacity 10622K, committed 10672K, reserved 1048576K
Event: 311.485 GC heap after
Heap after GC invocations=4236 (full 7):
 def new generation   total 61120K, used 6784K [0x00000000c0000000, 0x00000000c4250000, 0x00000000d5550000)
  eden space 54336K,   0% used [0x00000000c0000000, 0x00000000c0000000, 0x00000000c3510000)
  from space 6784K, 100% used [0x00000000c3bb0000, 0x00000000c4250000, 0x00000000c4250000)
  to   space 6784K,   0% used [0x00000000c3510000, 0x00000000c3510000, 0x00000000c3bb0000)
 tenured generation   total 135716K, used 126644K [0x00000000d5550000, 0x00000000dd9d9000, 0x0000000100000000)
   the space 135716K,  93% used [0x00000000d5550000, 0x00000000dd0fd1b8, 0x00000000dd0fd200, 0x00000000dd9d9000)
 Metaspace       used 69993K, capacity 70636K, committed 70832K, reserved 1110016K
  class space    used 10461K, capacity 10622K, committed 10672K, reserved 1048576K
}
Event: 311.542 GC heap before
{Heap before GC invocations=4236 (full 7):
 def new generation   total 61120K, used 61120K [0x00000000c0000000, 0x00000000c4250000, 0x00000000d5550000)
  eden space 54336K, 100% used [0x00000000c0000000, 0x00000000c3510000, 0x00000000c3510000)
  from space 6784K, 100% used [0x00000000c3bb0000, 0x00000000c4250000, 0x00000000c4250000)
  to   space 6784K,   0% used [0x00000000c3510000, 0x00000000c3510000, 0x00000000c3bb0000)
 tenured generation   total 135716K, used 126644K [0x00000000d5550000, 0x00000000dd9d9000, 0x0000000100000000)
   the space 135716K,  93% used [0x00000000d5550000, 0x00000000dd0fd1b8, 0x00000000dd0fd200, 0x00000000dd9d9000)
 Metaspace       used 69993K, capacity 70636K, committed 70832K, reserved 1110016K
  class space    used 10461K, capacity 10622K, committed 10672K, reserved 1048576K

